{"/home/felipe/Projetos/maganets/src/App.tsx": {"path":"/home/felipe/Projetos/maganets/src/App.tsx","statementMap":{"0":{"start":{"line":9,"column":2},"end":{"line":18,"column":3}}},"fnMap":{"0":{"name":"App","decl":{"start":{"line":8,"column":9},"end":{"line":8,"column":12}},"loc":{"start":{"line":8,"column":15},"end":{"line":19,"column":1}},"line":8}},"branchMap":{},"s":{"0":0},"f":{"0":0},"b":{}}
,"/home/felipe/Projetos/maganets/src/Router.tsx": {"path":"/home/felipe/Projetos/maganets/src/Router.tsx","statementMap":{"0":{"start":{"line":8,"column":16},"end":{"line":11,"column":1}},"1":{"start":{"line":13,"column":15},"end":{"line":23,"column":1}},"2":{"start":{"line":14,"column":2},"end":{"line":22,"column":3}},"3":{"start":{"line":25,"column":22},"end":{"line":38,"column":2}}},"fnMap":{"0":{"name":"(anonymous_0)","decl":{"start":{"line":13,"column":15},"end":{"line":13,"column":16}},"loc":{"start":{"line":13,"column":21},"end":{"line":23,"column":1}},"line":13}},"branchMap":{},"s":{"0":0,"1":0,"2":0,"3":0},"f":{"0":0},"b":{}}
,"/home/felipe/Projetos/maganets/src/main.tsx": {"path":"/home/felipe/Projetos/maganets/src/main.tsx","statementMap":{"0":{"start":{"line":5,"column":0},"end":{"line":9,"column":1}}},"fnMap":{},"branchMap":{},"s":{"0":0},"f":{},"b":{}}
,"/home/felipe/Projetos/maganets/src/vite-env.d.ts": {"path":"/home/felipe/Projetos/maganets/src/vite-env.d.ts","statementMap":{},"fnMap":{},"branchMap":{},"s":{},"f":{},"b":{}}
,"/home/felipe/Projetos/maganets/src/components/BreadCrumbs/index.tsx": {"path":"/home/felipe/Projetos/maganets/src/components/BreadCrumbs/index.tsx","statementMap":{"0":{"start":{"line":10,"column":37},"end":{"line":47,"column":1}},"1":{"start":{"line":11,"column":23},"end":{"line":11,"column":36}},"2":{"start":{"line":12,"column":40},"end":{"line":12,"column":66}},"3":{"start":{"line":14,"column":20},"end":{"line":21,"column":3}},"4":{"start":{"line":15,"column":18},"end":{"line":15,"column":67}},"5":{"start":{"line":15,"column":55},"end":{"line":15,"column":66}},"6":{"start":{"line":16,"column":27},"end":{"line":19,"column":7}},"7":{"start":{"line":16,"column":58},"end":{"line":19,"column":5}},"8":{"start":{"line":20,"column":4},"end":{"line":20,"column":68}},"9":{"start":{"line":23,"column":30},"end":{"line":36,"column":3}},"10":{"start":{"line":24,"column":21},"end":{"line":33,"column":6}},"11":{"start":{"line":25,"column":6},"end":{"line":32,"column":7}},"12":{"start":{"line":35,"column":4},"end":{"line":35,"column":19}},"13":{"start":{"line":38,"column":2},"end":{"line":40,"column":16}},"14":{"start":{"line":39,"column":4},"end":{"line":39,"column":15}},"15":{"start":{"line":42,"column":2},"end":{"line":46,"column":3}}},"fnMap":{"0":{"name":"(anonymous_0)","decl":{"start":{"line":10,"column":37},"end":{"line":10,"column":38}},"loc":{"start":{"line":10,"column":54},"end":{"line":47,"column":1}},"line":10},"1":{"name":"(anonymous_1)","decl":{"start":{"line":14,"column":20},"end":{"line":14,"column":21}},"loc":{"start":{"line":14,"column":26},"end":{"line":21,"column":3}},"line":14},"2":{"name":"(anonymous_2)","decl":{"start":{"line":15,"column":45},"end":{"line":15,"column":46}},"loc":{"start":{"line":15,"column":55},"end":{"line":15,"column":66}},"line":15},"3":{"name":"(anonymous_3)","decl":{"start":{"line":16,"column":37},"end":{"line":16,"column":38}},"loc":{"start":{"line":16,"column":58},"end":{"line":19,"column":5}},"line":16},"4":{"name":"(anonymous_4)","decl":{"start":{"line":23,"column":30},"end":{"line":23,"column":31}},"loc":{"start":{"line":23,"column":36},"end":{"line":36,"column":3}},"line":23},"5":{"name":"(anonymous_5)","decl":{"start":{"line":24,"column":37},"end":{"line":24,"column":38}},"loc":{"start":{"line":24,"column":60},"end":{"line":33,"column":5}},"line":24},"6":{"name":"(anonymous_6)","decl":{"start":{"line":38,"column":12},"end":{"line":38,"column":13}},"loc":{"start":{"line":38,"column":18},"end":{"line":40,"column":3}},"line":38}},"branchMap":{"0":{"loc":{"start":{"line":27,"column":11},"end":{"line":27,"column":72}},"type":"cond-expr","locations":[{"start":{"line":27,"column":25},"end":{"line":27,"column":65}},{"start":{"line":27,"column":68},"end":{"line":27,"column":72}}],"line":27}},"s":{"0":1,"1":2,"2":2,"3":2,"4":1,"5":2,"6":1,"7":0,"8":1,"9":2,"10":2,"11":1,"12":2,"13":2,"14":1,"15":2},"f":{"0":2,"1":1,"2":2,"3":0,"4":2,"5":1,"6":1},"b":{"0":[0,1]},"_coverageSchema":"1a1c01bbd47fc00a2c39e90264f33305004495a9","hash":"4d33b28cf70ca64fb1ec507724790c0ca1023386"}
,"/home/felipe/Projetos/maganets/src/components/BreadCrumbs/styles.ts": {"path":"/home/felipe/Projetos/maganets/src/components/BreadCrumbs/styles.ts","statementMap":{"0":{"start":{"line":3,"column":25},"end":{"line":22,"column":1}},"1":{"start":{"line":9,"column":34},"end":{"line":9,"column":50}},"2":{"start":{"line":24,"column":35},"end":{"line":33,"column":1}}},"fnMap":{"0":{"name":"(anonymous_0)","decl":{"start":{"line":9,"column":19},"end":{"line":9,"column":20}},"loc":{"start":{"line":9,"column":34},"end":{"line":9,"column":50}},"line":9}},"branchMap":{},"s":{"0":1,"1":2,"2":1},"f":{"0":2},"b":{},"_coverageSchema":"1a1c01bbd47fc00a2c39e90264f33305004495a9","hash":"9409d2ab6936dcb51d2a36105aadb49530f3260d"}
,"/home/felipe/Projetos/maganets/src/components/Card/index.tsx": {"path":"/home/felipe/Projetos/maganets/src/components/Card/index.tsx","statementMap":{"0":{"start":{"line":13,"column":30},"end":{"line":41,"column":1}},"1":{"start":{"line":14,"column":31},"end":{"line":14,"column":38}},"2":{"start":{"line":15,"column":23},"end":{"line":15,"column":36}},"3":{"start":{"line":16,"column":56},"end":{"line":16,"column":70}},"4":{"start":{"line":17,"column":21},"end":{"line":19,"column":11}},"5":{"start":{"line":17,"column":51},"end":{"line":17,"column":69}},"6":{"start":{"line":20,"column":25},"end":{"line":20,"column":54}},"7":{"start":{"line":22,"column":22},"end":{"line":24,"column":3}},"8":{"start":{"line":23,"column":4},"end":{"line":23,"column":61}},"9":{"start":{"line":26,"column":2},"end":{"line":40,"column":3}}},"fnMap":{"0":{"name":"(anonymous_0)","decl":{"start":{"line":13,"column":30},"end":{"line":13,"column":31}},"loc":{"start":{"line":13,"column":47},"end":{"line":41,"column":1}},"line":13},"1":{"name":"(anonymous_1)","decl":{"start":{"line":17,"column":37},"end":{"line":17,"column":38}},"loc":{"start":{"line":17,"column":51},"end":{"line":17,"column":69}},"line":17},"2":{"name":"(anonymous_2)","decl":{"start":{"line":22,"column":22},"end":{"line":22,"column":23}},"loc":{"start":{"line":22,"column":28},"end":{"line":24,"column":3}},"line":22}},"branchMap":{"0":{"loc":{"start":{"line":17,"column":21},"end":{"line":19,"column":11}},"type":"cond-expr","locations":[{"start":{"line":18,"column":6},"end":{"line":18,"column":10}},{"start":{"line":19,"column":6},"end":{"line":19,"column":11}}],"line":17},"1":{"loc":{"start":{"line":23,"column":4},"end":{"line":23,"column":61}},"type":"cond-expr","locations":[{"start":{"line":23,"column":17},"end":{"line":23,"column":35}},{"start":{"line":23,"column":38},"end":{"line":23,"column":61}}],"line":23},"2":{"loc":{"start":{"line":28,"column":7},"end":{"line":34,"column":7}},"type":"cond-expr","locations":[{"start":{"line":29,"column":8},"end":{"line":31,"column":17}},{"start":{"line":33,"column":8},"end":{"line":33,"column":66}}],"line":28}},"s":{"0":3,"1":1,"2":1,"3":1,"4":1,"5":0,"6":1,"7":1,"8":0,"9":1},"f":{"0":1,"1":0,"2":0},"b":{"0":[0,1],"1":[0,0],"2":[0,1]},"_coverageSchema":"1a1c01bbd47fc00a2c39e90264f33305004495a9","hash":"ea61e006775c0070f37d25b8ec1321d0d1418ae6"}
,"/home/felipe/Projetos/maganets/src/components/Card/styles.ts": {"path":"/home/felipe/Projetos/maganets/src/components/Card/styles.ts","statementMap":{"0":{"start":{"line":3,"column":25},"end":{"line":22,"column":1}},"1":{"start":{"line":24,"column":28},"end":{"line":30,"column":1}},"2":{"start":{"line":27,"column":32},"end":{"line":27,"column":48}},"3":{"start":{"line":31,"column":28},"end":{"line":37,"column":1}},"4":{"start":{"line":34,"column":32},"end":{"line":34,"column":48}}},"fnMap":{"0":{"name":"(anonymous_0)","decl":{"start":{"line":27,"column":17},"end":{"line":27,"column":18}},"loc":{"start":{"line":27,"column":32},"end":{"line":27,"column":48}},"line":27},"1":{"name":"(anonymous_1)","decl":{"start":{"line":34,"column":17},"end":{"line":34,"column":18}},"loc":{"start":{"line":34,"column":32},"end":{"line":34,"column":48}},"line":34}},"branchMap":{},"s":{"0":3,"1":3,"2":1,"3":3,"4":1},"f":{"0":1,"1":1},"b":{},"_coverageSchema":"1a1c01bbd47fc00a2c39e90264f33305004495a9","hash":"df7bf904734f408f10630c82b4c4de87c77ae332"}
,"/home/felipe/Projetos/maganets/src/components/CardList/styles.ts": {"path":"/home/felipe/Projetos/maganets/src/components/CardList/styles.ts","statementMap":{"0":{"start":{"line":3,"column":24},"end":{"line":10,"column":1}}},"fnMap":{},"branchMap":{},"s":{"0":3},"f":{},"b":{},"_coverageSchema":"1a1c01bbd47fc00a2c39e90264f33305004495a9","hash":"482da97c63ac276c4473a3b8c5d60600f69b2207"}
,"/home/felipe/Projetos/maganets/src/components/Favorite/index.tsx": {"path":"/home/felipe/Projetos/maganets/src/components/Favorite/index.tsx","statementMap":{"0":{"start":{"line":11,"column":34},"end":{"line":18,"column":1}},"1":{"start":{"line":12,"column":2},"end":{"line":17,"column":3}}},"fnMap":{"0":{"name":"(anonymous_0)","decl":{"start":{"line":11,"column":34},"end":{"line":11,"column":35}},"loc":{"start":{"line":11,"column":63},"end":{"line":18,"column":1}},"line":11}},"branchMap":{},"s":{"0":4,"1":2},"f":{"0":2},"b":{},"_coverageSchema":"1a1c01bbd47fc00a2c39e90264f33305004495a9","hash":"a00461f154aac878fa75350ab9d10d02baab69f2"}
,"/home/felipe/Projetos/maganets/src/components/Favorite/styles.ts": {"path":"/home/felipe/Projetos/maganets/src/components/Favorite/styles.ts","statementMap":{"0":{"start":{"line":7,"column":25},"end":{"line":29,"column":1}},"1":{"start":{"line":26,"column":8},"end":{"line":26,"column":58}}},"fnMap":{"0":{"name":"(anonymous_0)","decl":{"start":{"line":25,"column":14},"end":{"line":25,"column":15}},"loc":{"start":{"line":26,"column":8},"end":{"line":26,"column":58}},"line":26}},"branchMap":{"0":{"loc":{"start":{"line":26,"column":8},"end":{"line":26,"column":58}},"type":"cond-expr","locations":[{"start":{"line":26,"column":21},"end":{"line":26,"column":37}},{"start":{"line":26,"column":40},"end":{"line":26,"column":58}}],"line":26}},"s":{"0":4,"1":2},"f":{"0":2},"b":{"0":[0,2]},"_coverageSchema":"1a1c01bbd47fc00a2c39e90264f33305004495a9","hash":"141c717e8264c1ad97c99216a598157553482b28"}
,"/home/felipe/Projetos/maganets/src/components/Header/index.tsx": {"path":"/home/felipe/Projetos/maganets/src/components/Header/index.tsx","statementMap":{"0":{"start":{"line":9,"column":14},"end":{"line":25,"column":1}},"1":{"start":{"line":27,"column":25},"end":{"line":55,"column":1}},"2":{"start":{"line":28,"column":2},"end":{"line":54,"column":3}},"3":{"start":{"line":39,"column":18},"end":{"line":46,"column":19}}},"fnMap":{"0":{"name":"(anonymous_0)","decl":{"start":{"line":27,"column":25},"end":{"line":27,"column":26}},"loc":{"start":{"line":27,"column":31},"end":{"line":55,"column":1}},"line":27},"1":{"name":"(anonymous_1)","decl":{"start":{"line":38,"column":26},"end":{"line":38,"column":27}},"loc":{"start":{"line":38,"column":36},"end":{"line":47,"column":17}},"line":38}},"branchMap":{"0":{"loc":{"start":{"line":37,"column":13},"end":{"line":48,"column":20}},"type":"cond-expr","locations":[{"start":{"line":38,"column":16},"end":{"line":47,"column":18}},{"start":{"line":48,"column":16},"end":{"line":48,"column":20}}],"line":37}},"s":{"0":1,"1":1,"2":1,"3":3},"f":{"0":1,"1":3},"b":{"0":[1,0]},"_coverageSchema":"1a1c01bbd47fc00a2c39e90264f33305004495a9","hash":"27648558f25f899722bc5199b329480bfb25d1cf"}
,"/home/felipe/Projetos/maganets/src/components/Header/styles.ts": {"path":"/home/felipe/Projetos/maganets/src/components/Header/styles.ts","statementMap":{"0":{"start":{"line":3,"column":25},"end":{"line":5,"column":1}},"1":{"start":{"line":4,"column":37},"end":{"line":4,"column":57}},"2":{"start":{"line":7,"column":22},"end":{"line":22,"column":1}},"3":{"start":{"line":23,"column":20},"end":{"line":33,"column":1}},"4":{"start":{"line":26,"column":32},"end":{"line":26,"column":48}},"5":{"start":{"line":27,"column":26},"end":{"line":27,"column":44}},"6":{"start":{"line":34,"column":31},"end":{"line":38,"column":1}},"7":{"start":{"line":40,"column":30},"end":{"line":69,"column":1}},"8":{"start":{"line":46,"column":28},"end":{"line":46,"column":46}},"9":{"start":{"line":47,"column":34},"end":{"line":47,"column":50}}},"fnMap":{"0":{"name":"(anonymous_0)","decl":{"start":{"line":4,"column":22},"end":{"line":4,"column":23}},"loc":{"start":{"line":4,"column":37},"end":{"line":4,"column":57}},"line":4},"1":{"name":"(anonymous_1)","decl":{"start":{"line":26,"column":17},"end":{"line":26,"column":18}},"loc":{"start":{"line":26,"column":32},"end":{"line":26,"column":48}},"line":26},"2":{"name":"(anonymous_2)","decl":{"start":{"line":27,"column":11},"end":{"line":27,"column":12}},"loc":{"start":{"line":27,"column":26},"end":{"line":27,"column":44}},"line":27},"3":{"name":"(anonymous_3)","decl":{"start":{"line":46,"column":13},"end":{"line":46,"column":14}},"loc":{"start":{"line":46,"column":28},"end":{"line":46,"column":46}},"line":46},"4":{"name":"(anonymous_4)","decl":{"start":{"line":47,"column":19},"end":{"line":47,"column":20}},"loc":{"start":{"line":47,"column":34},"end":{"line":47,"column":50}},"line":47}},"branchMap":{},"s":{"0":1,"1":1,"2":1,"3":1,"4":1,"5":1,"6":1,"7":1,"8":1,"9":1},"f":{"0":1,"1":1,"2":1,"3":1,"4":1},"b":{},"_coverageSchema":"1a1c01bbd47fc00a2c39e90264f33305004495a9","hash":"587f468431a7c822f287b934b4fdd63f5c2c052a"}
,"/home/felipe/Projetos/maganets/src/components/Loader/styles.ts": {"path":"/home/felipe/Projetos/maganets/src/components/Loader/styles.ts","statementMap":{"0":{"start":{"line":2,"column":22},"end":{"line":18,"column":1}},"1":{"start":{"line":4,"column":44},"end":{"line":4,"column":64}}},"fnMap":{"0":{"name":"(anonymous_0)","decl":{"start":{"line":4,"column":29},"end":{"line":4,"column":30}},"loc":{"start":{"line":4,"column":44},"end":{"line":4,"column":64}},"line":4}},"branchMap":{},"s":{"0":1,"1":1},"f":{"0":1},"b":{},"_coverageSchema":"1a1c01bbd47fc00a2c39e90264f33305004495a9","hash":"0d08f44c5f4bf3fb0941f9510b1110398fe86cb3"}
,"/home/felipe/Projetos/maganets/src/components/NotFound/styles.ts": {"path":"/home/felipe/Projetos/maganets/src/components/NotFound/styles.ts","statementMap":{"0":{"start":{"line":3,"column":24},"end":{"line":11,"column":1}},"1":{"start":{"line":4,"column":32},"end":{"line":4,"column":48}}},"fnMap":{"0":{"name":"(anonymous_0)","decl":{"start":{"line":4,"column":17},"end":{"line":4,"column":18}},"loc":{"start":{"line":4,"column":32},"end":{"line":4,"column":48}},"line":4}},"branchMap":{},"s":{"0":2,"1":1},"f":{"0":1},"b":{},"_coverageSchema":"1a1c01bbd47fc00a2c39e90264f33305004495a9","hash":"55ded355960f9b90333993b0615571285f99a121"}
,"/home/felipe/Projetos/maganets/src/components/SearchBar/index.tsx": {"path":"/home/felipe/Projetos/maganets/src/components/SearchBar/index.tsx","statementMap":{"0":{"start":{"line":7,"column":28},"end":{"line":24,"column":1}},"1":{"start":{"line":8,"column":32},"end":{"line":8,"column":43}},"2":{"start":{"line":10,"column":23},"end":{"line":12,"column":3}},"3":{"start":{"line":11,"column":4},"end":{"line":11,"column":33}},"4":{"start":{"line":13,"column":2},"end":{"line":23,"column":3}}},"fnMap":{"0":{"name":"(anonymous_0)","decl":{"start":{"line":7,"column":28},"end":{"line":7,"column":29}},"loc":{"start":{"line":7,"column":34},"end":{"line":24,"column":1}},"line":7},"1":{"name":"(anonymous_1)","decl":{"start":{"line":10,"column":23},"end":{"line":10,"column":24}},"loc":{"start":{"line":10,"column":71},"end":{"line":12,"column":3}},"line":10}},"branchMap":{},"s":{"0":2,"1":2,"2":2,"3":0,"4":2},"f":{"0":2,"1":0},"b":{},"_coverageSchema":"1a1c01bbd47fc00a2c39e90264f33305004495a9","hash":"e6e56333c4df155050dcedb8fc33bf0dda167f85"}
,"/home/felipe/Projetos/maganets/src/components/SearchBar/styles.ts": {"path":"/home/felipe/Projetos/maganets/src/components/SearchBar/styles.ts","statementMap":{"0":{"start":{"line":3,"column":25},"end":{"line":25,"column":1}},"1":{"start":{"line":16,"column":34},"end":{"line":16,"column":50}}},"fnMap":{"0":{"name":"(anonymous_0)","decl":{"start":{"line":16,"column":19},"end":{"line":16,"column":20}},"loc":{"start":{"line":16,"column":34},"end":{"line":16,"column":50}},"line":16}},"branchMap":{},"s":{"0":2,"1":2},"f":{"0":2},"b":{},"_coverageSchema":"1a1c01bbd47fc00a2c39e90264f33305004495a9","hash":"697a27e6c9791a7a7f262d38227230210d8a9437"}
,"/home/felipe/Projetos/maganets/src/components/Wrapper/styles.ts": {"path":"/home/felipe/Projetos/maganets/src/components/Wrapper/styles.ts","statementMap":{"0":{"start":{"line":3,"column":23},"end":{"line":12,"column":1}}},"fnMap":{},"branchMap":{},"s":{"0":1},"f":{},"b":{},"_coverageSchema":"1a1c01bbd47fc00a2c39e90264f33305004495a9","hash":"b315b9826606f93c263da9a7a81c411f8c9c6a45"}
,"/home/felipe/Projetos/maganets/src/context/FavoritesContext/FavoritesContext.tsx": {"path":"/home/felipe/Projetos/maganets/src/context/FavoritesContext/FavoritesContext.tsx","statementMap":{"0":{"start":{"line":21,"column":32},"end":{"line":23,"column":1}},"1":{"start":{"line":24,"column":40},"end":{"line":73,"column":1}},"2":{"start":{"line":27,"column":36},"end":{"line":33,"column":4}},"3":{"start":{"line":28,"column":30},"end":{"line":28,"column":73}},"4":{"start":{"line":29,"column":4},"end":{"line":31,"column":5}},"5":{"start":{"line":30,"column":6},"end":{"line":30,"column":42}},"6":{"start":{"line":32,"column":4},"end":{"line":32,"column":13}},"7":{"start":{"line":35,"column":25},"end":{"line":42,"column":3}},"8":{"start":{"line":36,"column":4},"end":{"line":39,"column":5}},"9":{"start":{"line":41,"column":4},"end":{"line":41,"column":41}},"10":{"start":{"line":44,"column":25},"end":{"line":57,"column":3}},"11":{"start":{"line":45,"column":29},"end":{"line":45,"column":38}},"12":{"start":{"line":47,"column":30},"end":{"line":49,"column":5}},"13":{"start":{"line":48,"column":20},"end":{"line":48,"column":45}},"14":{"start":{"line":51,"column":4},"end":{"line":54,"column":5}},"15":{"start":{"line":56,"column":4},"end":{"line":56,"column":35}},"16":{"start":{"line":59,"column":23},"end":{"line":66,"column":17}},"17":{"start":{"line":60,"column":4},"end":{"line":65,"column":5}},"18":{"start":{"line":68,"column":2},"end":{"line":72,"column":3}},"19":{"start":{"line":76,"column":18},"end":{"line":76,"column":46}},"20":{"start":{"line":78,"column":2},"end":{"line":78,"column":16}}},"fnMap":{"0":{"name":"(anonymous_0)","decl":{"start":{"line":24,"column":40},"end":{"line":24,"column":41}},"loc":{"start":{"line":26,"column":37},"end":{"line":73,"column":1}},"line":26},"1":{"name":"(anonymous_1)","decl":{"start":{"line":27,"column":56},"end":{"line":27,"column":57}},"loc":{"start":{"line":27,"column":62},"end":{"line":33,"column":3}},"line":27},"2":{"name":"(anonymous_2)","decl":{"start":{"line":35,"column":25},"end":{"line":35,"column":26}},"loc":{"start":{"line":35,"column":47},"end":{"line":42,"column":3}},"line":35},"3":{"name":"(anonymous_3)","decl":{"start":{"line":44,"column":25},"end":{"line":44,"column":26}},"loc":{"start":{"line":44,"column":48},"end":{"line":57,"column":3}},"line":44},"4":{"name":"(anonymous_4)","decl":{"start":{"line":48,"column":6},"end":{"line":48,"column":7}},"loc":{"start":{"line":48,"column":20},"end":{"line":48,"column":45}},"line":48},"5":{"name":"(anonymous_5)","decl":{"start":{"line":59,"column":31},"end":{"line":59,"column":32}},"loc":{"start":{"line":59,"column":37},"end":{"line":66,"column":3}},"line":59},"6":{"name":"useFavorites","decl":{"start":{"line":75,"column":16},"end":{"line":75,"column":28}},"loc":{"start":{"line":75,"column":53},"end":{"line":79,"column":1}},"line":75}},"branchMap":{"0":{"loc":{"start":{"line":29,"column":4},"end":{"line":31,"column":5}},"type":"if","locations":[{"start":{"line":29,"column":4},"end":{"line":31,"column":5}},{"start":{},"end":{}}],"line":29}},"s":{"0":10,"1":10,"2":13,"3":11,"4":11,"5":1,"6":10,"7":13,"8":2,"9":2,"10":13,"11":1,"12":1,"13":1,"14":1,"15":1,"16":13,"17":13,"18":13,"19":6,"20":6},"f":{"0":13,"1":11,"2":2,"3":1,"4":1,"5":13,"6":6},"b":{"0":[1,10]},"_coverageSchema":"1a1c01bbd47fc00a2c39e90264f33305004495a9","hash":"f6c11a6cd8d7289b6a51a8b1af9a55c7789a8e6e"}
,"/home/felipe/Projetos/maganets/src/context/SearchContext/SearchContext.tsx": {"path":"/home/felipe/Projetos/maganets/src/context/SearchContext/SearchContext.tsx","statementMap":{"0":{"start":{"line":19,"column":29},"end":{"line":21,"column":1}},"1":{"start":{"line":22,"column":37},"end":{"line":39,"column":1}},"2":{"start":{"line":25,"column":30},"end":{"line":25,"column":50}},"3":{"start":{"line":27,"column":23},"end":{"line":32,"column":14}},"4":{"start":{"line":28,"column":4},"end":{"line":31,"column":5}},"5":{"start":{"line":34,"column":2},"end":{"line":38,"column":3}},"6":{"start":{"line":42,"column":18},"end":{"line":42,"column":43}},"7":{"start":{"line":44,"column":2},"end":{"line":44,"column":16}}},"fnMap":{"0":{"name":"(anonymous_0)","decl":{"start":{"line":22,"column":37},"end":{"line":22,"column":38}},"loc":{"start":{"line":24,"column":34},"end":{"line":39,"column":1}},"line":24},"1":{"name":"(anonymous_1)","decl":{"start":{"line":27,"column":31},"end":{"line":27,"column":32}},"loc":{"start":{"line":27,"column":37},"end":{"line":32,"column":3}},"line":27},"2":{"name":"useSearch","decl":{"start":{"line":41,"column":16},"end":{"line":41,"column":25}},"loc":{"start":{"line":41,"column":47},"end":{"line":45,"column":1}},"line":41}},"branchMap":{},"s":{"0":9,"1":9,"2":9,"3":9,"4":9,"5":9,"6":4,"7":4},"f":{"0":9,"1":9,"2":4},"b":{},"_coverageSchema":"1a1c01bbd47fc00a2c39e90264f33305004495a9","hash":"f8f08478777f0af7ee429ef24c85abffd5d3ff17"}
,"/home/felipe/Projetos/maganets/src/hooks/useProducts/useProducts.tsx": {"path":"/home/felipe/Projetos/maganets/src/hooks/useProducts/useProducts.tsx","statementMap":{"0":{"start":{"line":4,"column":20},"end":{"line":26,"column":1}},"1":{"start":{"line":5,"column":34},"end":{"line":5,"column":57}},"2":{"start":{"line":6,"column":36},"end":{"line":6,"column":50}},"3":{"start":{"line":7,"column":24},"end":{"line":19,"column":3}},"4":{"start":{"line":8,"column":4},"end":{"line":18,"column":5}},"5":{"start":{"line":9,"column":23},"end":{"line":9,"column":49}},"6":{"start":{"line":10,"column":23},"end":{"line":10,"column":31}},"7":{"start":{"line":11,"column":30},"end":{"line":11,"column":43}},"8":{"start":{"line":12,"column":6},"end":{"line":12,"column":34}},"9":{"start":{"line":14,"column":6},"end":{"line":14,"column":67}},"10":{"start":{"line":15,"column":6},"end":{"line":15,"column":26}},"11":{"start":{"line":17,"column":6},"end":{"line":17,"column":25}},"12":{"start":{"line":21,"column":2},"end":{"line":23,"column":8}},"13":{"start":{"line":22,"column":4},"end":{"line":22,"column":19}},"14":{"start":{"line":25,"column":2},"end":{"line":25,"column":32}}},"fnMap":{"0":{"name":"(anonymous_0)","decl":{"start":{"line":4,"column":20},"end":{"line":4,"column":21}},"loc":{"start":{"line":4,"column":26},"end":{"line":26,"column":1}},"line":4},"1":{"name":"(anonymous_1)","decl":{"start":{"line":7,"column":24},"end":{"line":7,"column":25}},"loc":{"start":{"line":7,"column":36},"end":{"line":19,"column":3}},"line":7},"2":{"name":"(anonymous_2)","decl":{"start":{"line":21,"column":12},"end":{"line":21,"column":13}},"loc":{"start":{"line":21,"column":18},"end":{"line":23,"column":3}},"line":21}},"branchMap":{},"s":{"0":2,"1":3,"2":3,"3":3,"4":1,"5":1,"6":1,"7":1,"8":1,"9":0,"10":0,"11":1,"12":3,"13":1,"14":3},"f":{"0":3,"1":1,"2":1},"b":{},"_coverageSchema":"1a1c01bbd47fc00a2c39e90264f33305004495a9","hash":"6add15e2d2f37fe6a1df70c74662108d567e8370"}
,"/home/felipe/Projetos/maganets/src/pages/Home/index.tsx": {"path":"/home/felipe/Projetos/maganets/src/pages/Home/index.tsx","statementMap":{"0":{"start":{"line":10,"column":23},"end":{"line":43,"column":1}},"1":{"start":{"line":11,"column":34},"end":{"line":11,"column":47}},"2":{"start":{"line":12,"column":32},"end":{"line":12,"column":43}},"3":{"start":{"line":14,"column":2},"end":{"line":16,"column":8}},"4":{"start":{"line":15,"column":4},"end":{"line":15,"column":17}},"5":{"start":{"line":18,"column":27},"end":{"line":18,"column":57}},"6":{"start":{"line":20,"column":2},"end":{"line":42,"column":3}},"7":{"start":{"line":29,"column":16},"end":{"line":29,"column":66}},"8":{"start":{"line":36,"column":14},"end":{"line":36,"column":64}}},"fnMap":{"0":{"name":"(anonymous_0)","decl":{"start":{"line":10,"column":23},"end":{"line":10,"column":24}},"loc":{"start":{"line":10,"column":29},"end":{"line":43,"column":1}},"line":10},"1":{"name":"(anonymous_1)","decl":{"start":{"line":14,"column":12},"end":{"line":14,"column":13}},"loc":{"start":{"line":14,"column":18},"end":{"line":16,"column":3}},"line":14},"2":{"name":"(anonymous_2)","decl":{"start":{"line":28,"column":35},"end":{"line":28,"column":36}},"loc":{"start":{"line":28,"column":48},"end":{"line":30,"column":15}},"line":28},"3":{"name":"(anonymous_3)","decl":{"start":{"line":35,"column":25},"end":{"line":35,"column":26}},"loc":{"start":{"line":35,"column":38},"end":{"line":37,"column":13}},"line":35}},"branchMap":{"0":{"loc":{"start":{"line":22,"column":7},"end":{"line":40,"column":7}},"type":"cond-expr","locations":[{"start":{"line":23,"column":8},"end":{"line":23,"column":18}},{"start":{"line":25,"column":8},"end":{"line":39,"column":19}}],"line":22},"1":{"loc":{"start":{"line":26,"column":11},"end":{"line":38,"column":11}},"type":"cond-expr","locations":[{"start":{"line":27,"column":12},"end":{"line":33,"column":13}},{"start":{"line":35,"column":12},"end":{"line":37,"column":14}}],"line":26},"2":{"loc":{"start":{"line":27,"column":12},"end":{"line":33,"column":13}},"type":"cond-expr","locations":[{"start":{"line":28,"column":14},"end":{"line":30,"column":16}},{"start":{"line":32,"column":14},"end":{"line":32,"column":62}}],"line":27}},"s":{"0":1,"1":1,"2":1,"3":1,"4":1,"5":1,"6":1,"7":0,"8":0},"f":{"0":1,"1":1,"2":0,"3":0},"b":{"0":[1,0],"1":[0,0],"2":[0,0]},"_coverageSchema":"1a1c01bbd47fc00a2c39e90264f33305004495a9","hash":"7625300bcd994182c6b75303ec4d831c826c9d66"}
,"/home/felipe/Projetos/maganets/src/pages/WishList/index.tsx": {"path":"/home/felipe/Projetos/maganets/src/pages/WishList/index.tsx","statementMap":{"0":{"start":{"line":9,"column":27},"end":{"line":44,"column":1}},"1":{"start":{"line":10,"column":24},"end":{"line":10,"column":38}},"2":{"start":{"line":11,"column":32},"end":{"line":11,"column":43}},"3":{"start":{"line":13,"column":28},"end":{"line":13,"column":59}},"4":{"start":{"line":15,"column":2},"end":{"line":17,"column":8}},"5":{"start":{"line":16,"column":4},"end":{"line":16,"column":17}},"6":{"start":{"line":19,"column":2},"end":{"line":43,"column":3}},"7":{"start":{"line":30,"column":16},"end":{"line":30,"column":68}},"8":{"start":{"line":37,"column":14},"end":{"line":37,"column":66}}},"fnMap":{"0":{"name":"(anonymous_0)","decl":{"start":{"line":9,"column":27},"end":{"line":9,"column":28}},"loc":{"start":{"line":9,"column":33},"end":{"line":44,"column":1}},"line":9},"1":{"name":"(anonymous_1)","decl":{"start":{"line":15,"column":12},"end":{"line":15,"column":13}},"loc":{"start":{"line":15,"column":18},"end":{"line":17,"column":3}},"line":15},"2":{"name":"(anonymous_2)","decl":{"start":{"line":29,"column":36},"end":{"line":29,"column":37}},"loc":{"start":{"line":29,"column":50},"end":{"line":31,"column":15}},"line":29},"3":{"name":"(anonymous_3)","decl":{"start":{"line":36,"column":27},"end":{"line":36,"column":28}},"loc":{"start":{"line":36,"column":41},"end":{"line":38,"column":13}},"line":36}},"branchMap":{"0":{"loc":{"start":{"line":21,"column":7},"end":{"line":41,"column":7}},"type":"cond-expr","locations":[{"start":{"line":22,"column":8},"end":{"line":24,"column":19}},{"start":{"line":26,"column":8},"end":{"line":40,"column":19}}],"line":21},"1":{"loc":{"start":{"line":27,"column":11},"end":{"line":39,"column":11}},"type":"cond-expr","locations":[{"start":{"line":28,"column":12},"end":{"line":34,"column":13}},{"start":{"line":36,"column":12},"end":{"line":38,"column":14}}],"line":27},"2":{"loc":{"start":{"line":28,"column":12},"end":{"line":34,"column":13}},"type":"cond-expr","locations":[{"start":{"line":29,"column":14},"end":{"line":31,"column":16}},{"start":{"line":33,"column":14},"end":{"line":33,"column":62}}],"line":28}},"s":{"0":1,"1":1,"2":1,"3":1,"4":1,"5":1,"6":1,"7":0,"8":0},"f":{"0":1,"1":1,"2":0,"3":0},"b":{"0":[1,0],"1":[0,0],"2":[0,0]},"_coverageSchema":"1a1c01bbd47fc00a2c39e90264f33305004495a9","hash":"f572ac4ba1d2abdc95dfc6cce12c2172129ae88d"}
,"/home/felipe/Projetos/maganets/src/services/api.ts": {"path":"/home/felipe/Projetos/maganets/src/services/api.ts","statementMap":{"0":{"start":{"line":2,"column":19},"end":{"line":5,"column":1}},"1":{"start":{"line":4,"column":4},"end":{"line":4,"column":77}}},"fnMap":{"0":{"name":"(anonymous_0)","decl":{"start":{"line":3,"column":18},"end":{"line":3,"column":19}},"loc":{"start":{"line":4,"column":4},"end":{"line":4,"column":77}},"line":4}},"branchMap":{},"s":{"0":2,"1":0},"f":{"0":0},"b":{},"_coverageSchema":"1a1c01bbd47fc00a2c39e90264f33305004495a9","hash":"24a20cf04082f47c1cc008b705326dcbec0fa9c5"}
,"/home/felipe/Projetos/maganets/src/styles/global.ts": {"path":"/home/felipe/Projetos/maganets/src/styles/global.ts","statementMap":{"0":{"start":{"line":3,"column":20},"end":{"line":32,"column":1}}},"fnMap":{},"branchMap":{},"s":{"0":0},"f":{},"b":{}}
,"/home/felipe/Projetos/maganets/src/styles/styled.d.ts": {"path":"/home/felipe/Projetos/maganets/src/styles/styled.d.ts","statementMap":{},"fnMap":{},"branchMap":{},"s":{},"f":{},"b":{}}
,"/home/felipe/Projetos/maganets/src/styles/themes/default.ts": {"path":"/home/felipe/Projetos/maganets/src/styles/themes/default.ts","statementMap":{"0":{"start":{"line":1,"column":28},"end":{"line":10,"column":1}}},"fnMap":{},"branchMap":{},"s":{"0":9},"f":{},"b":{},"_coverageSchema":"1a1c01bbd47fc00a2c39e90264f33305004495a9","hash":"5bdee897f49c33fae9f542943695a9ec93dbce8d"}
,"/home/felipe/Projetos/maganets/src/svg/Delete.tsx": {"path":"/home/felipe/Projetos/maganets/src/svg/Delete.tsx","statementMap":{"0":{"start":{"line":2,"column":2},"end":{"line":11,"column":3}}},"fnMap":{"0":{"name":"Delete","decl":{"start":{"line":1,"column":9},"end":{"line":1,"column":15}},"loc":{"start":{"line":1,"column":18},"end":{"line":12,"column":1}},"line":1}},"branchMap":{},"s":{"0":0},"f":{"0":0},"b":{},"_coverageSchema":"1a1c01bbd47fc00a2c39e90264f33305004495a9","hash":"b193f0e749a2b57b4eb3ab8e5b7a7ebed72d7299"}
,"/home/felipe/Projetos/maganets/src/svg/Heart.tsx": {"path":"/home/felipe/Projetos/maganets/src/svg/Heart.tsx","statementMap":{"0":{"start":{"line":2,"column":2},"end":{"line":11,"column":3}}},"fnMap":{"0":{"name":"Heart","decl":{"start":{"line":1,"column":9},"end":{"line":1,"column":14}},"loc":{"start":{"line":1,"column":17},"end":{"line":12,"column":1}},"line":1}},"branchMap":{},"s":{"0":3},"f":{"0":3},"b":{},"_coverageSchema":"1a1c01bbd47fc00a2c39e90264f33305004495a9","hash":"4410c5d52c8fe8e3ec06756073a3c8a764bfcab2"}
,"/home/felipe/Projetos/maganets/src/svg/Location.tsx": {"path":"/home/felipe/Projetos/maganets/src/svg/Location.tsx","statementMap":{"0":{"start":{"line":2,"column":2},"end":{"line":11,"column":3}}},"fnMap":{"0":{"name":"Location","decl":{"start":{"line":1,"column":9},"end":{"line":1,"column":17}},"loc":{"start":{"line":1,"column":20},"end":{"line":12,"column":1}},"line":1}},"branchMap":{},"s":{"0":1},"f":{"0":1},"b":{},"_coverageSchema":"1a1c01bbd47fc00a2c39e90264f33305004495a9","hash":"df8557278eedd029f95552d5a3998a4f05dc04e6"}
,"/home/felipe/Projetos/maganets/src/svg/Pentagon.tsx": {"path":"/home/felipe/Projetos/maganets/src/svg/Pentagon.tsx","statementMap":{"0":{"start":{"line":2,"column":2},"end":{"line":11,"column":3}}},"fnMap":{"0":{"name":"Pentagon","decl":{"start":{"line":1,"column":9},"end":{"line":1,"column":17}},"loc":{"start":{"line":1,"column":20},"end":{"line":12,"column":1}},"line":1}},"branchMap":{},"s":{"0":2},"f":{"0":2},"b":{},"_coverageSchema":"1a1c01bbd47fc00a2c39e90264f33305004495a9","hash":"eca39d11cf99cc0dae5ff16bd1ba15391e8caf2b"}
,"/home/felipe/Projetos/maganets/src/svg/Search.tsx": {"path":"/home/felipe/Projetos/maganets/src/svg/Search.tsx","statementMap":{"0":{"start":{"line":2,"column":2},"end":{"line":11,"column":3}}},"fnMap":{"0":{"name":"Search","decl":{"start":{"line":1,"column":9},"end":{"line":1,"column":15}},"loc":{"start":{"line":1,"column":18},"end":{"line":12,"column":1}},"line":1}},"branchMap":{},"s":{"0":2},"f":{"0":2},"b":{},"_coverageSchema":"1a1c01bbd47fc00a2c39e90264f33305004495a9","hash":"564ead0c8c3942d0a3d71ca2a927878b6374cbbe"}
,"/home/felipe/Projetos/maganets/src/svg/Telephone.tsx": {"path":"/home/felipe/Projetos/maganets/src/svg/Telephone.tsx","statementMap":{"0":{"start":{"line":2,"column":2},"end":{"line":11,"column":3}}},"fnMap":{"0":{"name":"Telephone","decl":{"start":{"line":1,"column":9},"end":{"line":1,"column":18}},"loc":{"start":{"line":1,"column":21},"end":{"line":12,"column":1}},"line":1}},"branchMap":{},"s":{"0":1},"f":{"0":1},"b":{},"_coverageSchema":"1a1c01bbd47fc00a2c39e90264f33305004495a9","hash":"67df1e0e0ac500e4702e679aa4c9e23dbfc6c800"}
,"/home/felipe/Projetos/maganets/src/types/index.ts": {"path":"/home/felipe/Projetos/maganets/src/types/index.ts","statementMap":{},"fnMap":{},"branchMap":{},"s":{},"f":{},"b":{}}
,"/home/felipe/Projetos/maganets/src/utils/formatMoney.ts": {"path":"/home/felipe/Projetos/maganets/src/utils/formatMoney.ts","statementMap":{"0":{"start":{"line":1,"column":27},"end":{"line":6,"column":1}},"1":{"start":{"line":2,"column":2},"end":{"line":5,"column":4}}},"fnMap":{"0":{"name":"(anonymous_0)","decl":{"start":{"line":1,"column":27},"end":{"line":1,"column":28}},"loc":{"start":{"line":1,"column":46},"end":{"line":6,"column":1}},"line":1}},"branchMap":{},"s":{"0":3,"1":1},"f":{"0":1},"b":{},"_coverageSchema":"1a1c01bbd47fc00a2c39e90264f33305004495a9","hash":"0539007274fa70239179f7caf789614059eedade"}
,"/home/felipe/Projetos/maganets/src/utils/handleSearch.ts": {"path":"/home/felipe/Projetos/maganets/src/utils/handleSearch.ts","statementMap":{"0":{"start":{"line":4,"column":28},"end":{"line":14,"column":1}},"1":{"start":{"line":6,"column":4},"end":{"line":12,"column":10}},"2":{"start":{"line":8,"column":10},"end":{"line":10,"column":11}},"3":{"start":{"line":13,"column":2},"end":{"line":13,"column":19}}},"fnMap":{"0":{"name":"(anonymous_0)","decl":{"start":{"line":4,"column":28},"end":{"line":4,"column":29}},"loc":{"start":{"line":4,"column":69},"end":{"line":14,"column":1}},"line":4},"1":{"name":"(anonymous_1)","decl":{"start":{"line":7,"column":24},"end":{"line":7,"column":25}},"loc":{"start":{"line":8,"column":10},"end":{"line":10,"column":11}},"line":8}},"branchMap":{"0":{"loc":{"start":{"line":6,"column":4},"end":{"line":12,"column":10}},"type":"cond-expr","locations":[{"start":{"line":7,"column":8},"end":{"line":11,"column":9}},{"start":{"line":12,"column":8},"end":{"line":12,"column":10}}],"line":6}},"s":{"0":2,"1":2,"2":0,"3":2},"f":{"0":2,"1":0},"b":{"0":[0,2]},"_coverageSchema":"1a1c01bbd47fc00a2c39e90264f33305004495a9","hash":"95ddcc690428f384994e7f22b7ba7bf79fd765da"}
,"/home/felipe/Projetos/maganets/src/utils/removeAccents.ts": {"path":"/home/felipe/Projetos/maganets/src/utils/removeAccents.ts","statementMap":{"0":{"start":{"line":1,"column":29},"end":{"line":3,"column":1}},"1":{"start":{"line":2,"column":2},"end":{"line":2,"column":61}}},"fnMap":{"0":{"name":"(anonymous_0)","decl":{"start":{"line":1,"column":29},"end":{"line":1,"column":30}},"loc":{"start":{"line":1,"column":46},"end":{"line":3,"column":1}},"line":1}},"branchMap":{},"s":{"0":3,"1":3},"f":{"0":3},"b":{},"_coverageSchema":"1a1c01bbd47fc00a2c39e90264f33305004495a9","hash":"7bbafc048dc21cd77e659fe650c6fcf24ae080b9"}
,"/home/felipe/Projetos/maganets/src/utils/test-utils.tsx": {"path":"/home/felipe/Projetos/maganets/src/utils/test-utils.tsx","statementMap":{"0":{"start":{"line":8,"column":24},"end":{"line":18,"column":1}},"1":{"start":{"line":9,"column":2},"end":{"line":17,"column":3}},"2":{"start":{"line":20,"column":21},"end":{"line":23,"column":57}},"3":{"start":{"line":23,"column":5},"end":{"line":23,"column":57}}},"fnMap":{"0":{"name":"(anonymous_0)","decl":{"start":{"line":8,"column":24},"end":{"line":8,"column":25}},"loc":{"start":{"line":8,"column":73},"end":{"line":18,"column":1}},"line":8},"1":{"name":"(anonymous_1)","decl":{"start":{"line":20,"column":21},"end":{"line":20,"column":22}},"loc":{"start":{"line":23,"column":5},"end":{"line":23,"column":57}},"line":23}},"branchMap":{},"s":{"0":9,"1":9,"2":9,"3":9},"f":{"0":9,"1":9},"b":{},"_coverageSchema":"1a1c01bbd47fc00a2c39e90264f33305004495a9","hash":"f40f2531b7516ea6310aac1cf2c2bc8df9526f3e"}
}
