{"/home/felipe/Projetos/maganets/src/App.tsx": {"path":"/home/felipe/Projetos/maganets/src/App.tsx","statementMap":{"0":{"start":{"line":9,"column":2},"end":{"line":18,"column":3}}},"fnMap":{"0":{"name":"App","decl":{"start":{"line":8,"column":9},"end":{"line":8,"column":12}},"loc":{"start":{"line":8,"column":15},"end":{"line":19,"column":1}},"line":8}},"branchMap":{},"s":{"0":0},"f":{"0":0},"b":{}}
,"/home/felipe/Projetos/maganets/src/Router.tsx": {"path":"/home/felipe/Projetos/maganets/src/Router.tsx","statementMap":{"0":{"start":{"line":8,"column":16},"end":{"line":11,"column":1}},"1":{"start":{"line":13,"column":15},"end":{"line":23,"column":1}},"2":{"start":{"line":14,"column":2},"end":{"line":22,"column":3}},"3":{"start":{"line":25,"column":22},"end":{"line":38,"column":2}}},"fnMap":{"0":{"name":"(anonymous_0)","decl":{"start":{"line":13,"column":15},"end":{"line":13,"column":16}},"loc":{"start":{"line":13,"column":21},"end":{"line":23,"column":1}},"line":13}},"branchMap":{},"s":{"0":0,"1":0,"2":0,"3":0},"f":{"0":0},"b":{}}
,"/home/felipe/Projetos/maganets/src/main.tsx": {"path":"/home/felipe/Projetos/maganets/src/main.tsx","statementMap":{"0":{"start":{"line":5,"column":0},"end":{"line":9,"column":1}}},"fnMap":{},"branchMap":{},"s":{"0":0},"f":{},"b":{}}
,"/home/felipe/Projetos/maganets/src/vite-env.d.ts": {"path":"/home/felipe/Projetos/maganets/src/vite-env.d.ts","statementMap":{},"fnMap":{},"branchMap":{},"s":{},"f":{},"b":{}}
,"/home/felipe/Projetos/maganets/src/components/BreadCrumbs/index.tsx": {"path":"/home/felipe/Projetos/maganets/src/components/BreadCrumbs/index.tsx","statementMap":{"0":{"start":{"line":10,"column":37},"end":{"line":45,"column":1}},"1":{"start":{"line":11,"column":23},"end":{"line":11,"column":36}},"2":{"start":{"line":12,"column":40},"end":{"line":12,"column":66}},"3":{"start":{"line":14,"column":20},"end":{"line":21,"column":3}},"4":{"start":{"line":15,"column":18},"end":{"line":15,"column":67}},"5":{"start":{"line":15,"column":55},"end":{"line":15,"column":66}},"6":{"start":{"line":16,"column":27},"end":{"line":19,"column":7}},"7":{"start":{"line":16,"column":58},"end":{"line":19,"column":5}},"8":{"start":{"line":20,"column":4},"end":{"line":20,"column":68}},"9":{"start":{"line":23,"column":30},"end":{"line":34,"column":3}},"10":{"start":{"line":24,"column":21},"end":{"line":31,"column":6}},"11":{"start":{"line":25,"column":6},"end":{"line":30,"column":7}},"12":{"start":{"line":33,"column":4},"end":{"line":33,"column":19}},"13":{"start":{"line":36,"column":2},"end":{"line":38,"column":16}},"14":{"start":{"line":37,"column":4},"end":{"line":37,"column":15}},"15":{"start":{"line":40,"column":2},"end":{"line":44,"column":3}}},"fnMap":{"0":{"name":"(anonymous_0)","decl":{"start":{"line":10,"column":37},"end":{"line":10,"column":38}},"loc":{"start":{"line":10,"column":54},"end":{"line":45,"column":1}},"line":10},"1":{"name":"(anonymous_1)","decl":{"start":{"line":14,"column":20},"end":{"line":14,"column":21}},"loc":{"start":{"line":14,"column":26},"end":{"line":21,"column":3}},"line":14},"2":{"name":"(anonymous_2)","decl":{"start":{"line":15,"column":45},"end":{"line":15,"column":46}},"loc":{"start":{"line":15,"column":55},"end":{"line":15,"column":66}},"line":15},"3":{"name":"(anonymous_3)","decl":{"start":{"line":16,"column":37},"end":{"line":16,"column":38}},"loc":{"start":{"line":16,"column":58},"end":{"line":19,"column":5}},"line":16},"4":{"name":"(anonymous_4)","decl":{"start":{"line":23,"column":30},"end":{"line":23,"column":31}},"loc":{"start":{"line":23,"column":36},"end":{"line":34,"column":3}},"line":23},"5":{"name":"(anonymous_5)","decl":{"start":{"line":24,"column":37},"end":{"line":24,"column":38}},"loc":{"start":{"line":24,"column":60},"end":{"line":31,"column":5}},"line":24},"6":{"name":"(anonymous_6)","decl":{"start":{"line":36,"column":12},"end":{"line":36,"column":13}},"loc":{"start":{"line":36,"column":18},"end":{"line":38,"column":3}},"line":36}},"branchMap":{"0":{"loc":{"start":{"line":27,"column":11},"end":{"line":27,"column":72}},"type":"cond-expr","locations":[{"start":{"line":27,"column":25},"end":{"line":27,"column":65}},{"start":{"line":27,"column":68},"end":{"line":27,"column":72}}],"line":27}},"s":{"0":0,"1":0,"2":0,"3":0,"4":0,"5":0,"6":0,"7":0,"8":0,"9":0,"10":0,"11":0,"12":0,"13":0,"14":0,"15":0},"f":{"0":0,"1":0,"2":0,"3":0,"4":0,"5":0,"6":0},"b":{"0":[0,0]}}
,"/home/felipe/Projetos/maganets/src/components/BreadCrumbs/styles.ts": {"path":"/home/felipe/Projetos/maganets/src/components/BreadCrumbs/styles.ts","statementMap":{"0":{"start":{"line":3,"column":25},"end":{"line":16,"column":1}},"1":{"start":{"line":9,"column":34},"end":{"line":9,"column":50}},"2":{"start":{"line":18,"column":35},"end":{"line":27,"column":1}}},"fnMap":{"0":{"name":"(anonymous_0)","decl":{"start":{"line":9,"column":19},"end":{"line":9,"column":20}},"loc":{"start":{"line":9,"column":34},"end":{"line":9,"column":50}},"line":9}},"branchMap":{},"s":{"0":0,"1":0,"2":0},"f":{"0":0},"b":{}}
,"/home/felipe/Projetos/maganets/src/components/Card/index.tsx": {"path":"/home/felipe/Projetos/maganets/src/components/Card/index.tsx","statementMap":{"0":{"start":{"line":13,"column":30},"end":{"line":41,"column":1}},"1":{"start":{"line":14,"column":31},"end":{"line":14,"column":38}},"2":{"start":{"line":15,"column":23},"end":{"line":15,"column":36}},"3":{"start":{"line":16,"column":56},"end":{"line":16,"column":70}},"4":{"start":{"line":17,"column":21},"end":{"line":19,"column":11}},"5":{"start":{"line":17,"column":50},"end":{"line":17,"column":68}},"6":{"start":{"line":20,"column":25},"end":{"line":20,"column":54}},"7":{"start":{"line":22,"column":22},"end":{"line":24,"column":3}},"8":{"start":{"line":23,"column":4},"end":{"line":23,"column":61}},"9":{"start":{"line":26,"column":2},"end":{"line":40,"column":3}}},"fnMap":{"0":{"name":"(anonymous_0)","decl":{"start":{"line":13,"column":30},"end":{"line":13,"column":31}},"loc":{"start":{"line":13,"column":47},"end":{"line":41,"column":1}},"line":13},"1":{"name":"(anonymous_1)","decl":{"start":{"line":17,"column":36},"end":{"line":17,"column":37}},"loc":{"start":{"line":17,"column":50},"end":{"line":17,"column":68}},"line":17},"2":{"name":"(anonymous_2)","decl":{"start":{"line":22,"column":22},"end":{"line":22,"column":23}},"loc":{"start":{"line":22,"column":28},"end":{"line":24,"column":3}},"line":22}},"branchMap":{"0":{"loc":{"start":{"line":17,"column":21},"end":{"line":19,"column":11}},"type":"cond-expr","locations":[{"start":{"line":18,"column":6},"end":{"line":18,"column":10}},{"start":{"line":19,"column":6},"end":{"line":19,"column":11}}],"line":17},"1":{"loc":{"start":{"line":23,"column":4},"end":{"line":23,"column":61}},"type":"cond-expr","locations":[{"start":{"line":23,"column":17},"end":{"line":23,"column":35}},{"start":{"line":23,"column":38},"end":{"line":23,"column":61}}],"line":23},"2":{"loc":{"start":{"line":28,"column":7},"end":{"line":34,"column":7}},"type":"cond-expr","locations":[{"start":{"line":29,"column":8},"end":{"line":31,"column":17}},{"start":{"line":33,"column":8},"end":{"line":33,"column":66}}],"line":28}},"s":{"0":0,"1":0,"2":0,"3":0,"4":0,"5":0,"6":0,"7":0,"8":0,"9":0},"f":{"0":0,"1":0,"2":0},"b":{"0":[0,0],"1":[0,0],"2":[0,0]}}
,"/home/felipe/Projetos/maganets/src/components/Card/styles.ts": {"path":"/home/felipe/Projetos/maganets/src/components/Card/styles.ts","statementMap":{"0":{"start":{"line":3,"column":25},"end":{"line":22,"column":1}},"1":{"start":{"line":24,"column":28},"end":{"line":30,"column":1}},"2":{"start":{"line":27,"column":32},"end":{"line":27,"column":48}},"3":{"start":{"line":31,"column":28},"end":{"line":37,"column":1}},"4":{"start":{"line":34,"column":32},"end":{"line":34,"column":48}}},"fnMap":{"0":{"name":"(anonymous_0)","decl":{"start":{"line":27,"column":17},"end":{"line":27,"column":18}},"loc":{"start":{"line":27,"column":32},"end":{"line":27,"column":48}},"line":27},"1":{"name":"(anonymous_1)","decl":{"start":{"line":34,"column":17},"end":{"line":34,"column":18}},"loc":{"start":{"line":34,"column":32},"end":{"line":34,"column":48}},"line":34}},"branchMap":{},"s":{"0":0,"1":0,"2":0,"3":0,"4":0},"f":{"0":0,"1":0},"b":{}}
,"/home/felipe/Projetos/maganets/src/components/CardList/styles.ts": {"path":"/home/felipe/Projetos/maganets/src/components/CardList/styles.ts","statementMap":{"0":{"start":{"line":3,"column":24},"end":{"line":10,"column":1}}},"fnMap":{},"branchMap":{},"s":{"0":0},"f":{},"b":{}}
,"/home/felipe/Projetos/maganets/src/components/Favorite/index.tsx": {"path":"/home/felipe/Projetos/maganets/src/components/Favorite/index.tsx","statementMap":{"0":{"start":{"line":11,"column":34},"end":{"line":18,"column":1}},"1":{"start":{"line":12,"column":2},"end":{"line":17,"column":3}}},"fnMap":{"0":{"name":"(anonymous_0)","decl":{"start":{"line":11,"column":34},"end":{"line":11,"column":35}},"loc":{"start":{"line":11,"column":63},"end":{"line":18,"column":1}},"line":11}},"branchMap":{},"s":{"0":0,"1":0},"f":{"0":0},"b":{}}
,"/home/felipe/Projetos/maganets/src/components/Favorite/styles.ts": {"path":"/home/felipe/Projetos/maganets/src/components/Favorite/styles.ts","statementMap":{"0":{"start":{"line":7,"column":25},"end":{"line":29,"column":1}},"1":{"start":{"line":26,"column":8},"end":{"line":26,"column":58}}},"fnMap":{"0":{"name":"(anonymous_0)","decl":{"start":{"line":25,"column":14},"end":{"line":25,"column":15}},"loc":{"start":{"line":26,"column":8},"end":{"line":26,"column":58}},"line":26}},"branchMap":{"0":{"loc":{"start":{"line":26,"column":8},"end":{"line":26,"column":58}},"type":"cond-expr","locations":[{"start":{"line":26,"column":21},"end":{"line":26,"column":37}},{"start":{"line":26,"column":40},"end":{"line":26,"column":58}}],"line":26}},"s":{"0":0,"1":0},"f":{"0":0},"b":{"0":[0,0]}}
,"/home/felipe/Projetos/maganets/src/components/Header/index.tsx": {"path":"/home/felipe/Projetos/maganets/src/components/Header/index.tsx","statementMap":{"0":{"start":{"line":10,"column":14},"end":{"line":26,"column":1}},"1":{"start":{"line":28,"column":25},"end":{"line":56,"column":1}},"2":{"start":{"line":29,"column":2},"end":{"line":55,"column":3}},"3":{"start":{"line":40,"column":18},"end":{"line":47,"column":19}}},"fnMap":{"0":{"name":"(anonymous_0)","decl":{"start":{"line":28,"column":25},"end":{"line":28,"column":26}},"loc":{"start":{"line":28,"column":31},"end":{"line":56,"column":1}},"line":28},"1":{"name":"(anonymous_1)","decl":{"start":{"line":39,"column":26},"end":{"line":39,"column":27}},"loc":{"start":{"line":39,"column":36},"end":{"line":48,"column":17}},"line":39}},"branchMap":{"0":{"loc":{"start":{"line":38,"column":13},"end":{"line":49,"column":20}},"type":"cond-expr","locations":[{"start":{"line":39,"column":16},"end":{"line":48,"column":18}},{"start":{"line":49,"column":16},"end":{"line":49,"column":20}}],"line":38}},"s":{"0":0,"1":0,"2":0,"3":0},"f":{"0":0,"1":0},"b":{"0":[0,0]}}
,"/home/felipe/Projetos/maganets/src/components/Header/styles.ts": {"path":"/home/felipe/Projetos/maganets/src/components/Header/styles.ts","statementMap":{"0":{"start":{"line":3,"column":25},"end":{"line":5,"column":1}},"1":{"start":{"line":4,"column":37},"end":{"line":4,"column":57}},"2":{"start":{"line":7,"column":22},"end":{"line":22,"column":1}},"3":{"start":{"line":23,"column":20},"end":{"line":33,"column":1}},"4":{"start":{"line":26,"column":32},"end":{"line":26,"column":48}},"5":{"start":{"line":27,"column":26},"end":{"line":27,"column":44}},"6":{"start":{"line":34,"column":31},"end":{"line":38,"column":1}},"7":{"start":{"line":40,"column":30},"end":{"line":69,"column":1}},"8":{"start":{"line":46,"column":28},"end":{"line":46,"column":46}},"9":{"start":{"line":47,"column":34},"end":{"line":47,"column":50}}},"fnMap":{"0":{"name":"(anonymous_0)","decl":{"start":{"line":4,"column":22},"end":{"line":4,"column":23}},"loc":{"start":{"line":4,"column":37},"end":{"line":4,"column":57}},"line":4},"1":{"name":"(anonymous_1)","decl":{"start":{"line":26,"column":17},"end":{"line":26,"column":18}},"loc":{"start":{"line":26,"column":32},"end":{"line":26,"column":48}},"line":26},"2":{"name":"(anonymous_2)","decl":{"start":{"line":27,"column":11},"end":{"line":27,"column":12}},"loc":{"start":{"line":27,"column":26},"end":{"line":27,"column":44}},"line":27},"3":{"name":"(anonymous_3)","decl":{"start":{"line":46,"column":13},"end":{"line":46,"column":14}},"loc":{"start":{"line":46,"column":28},"end":{"line":46,"column":46}},"line":46},"4":{"name":"(anonymous_4)","decl":{"start":{"line":47,"column":19},"end":{"line":47,"column":20}},"loc":{"start":{"line":47,"column":34},"end":{"line":47,"column":50}},"line":47}},"branchMap":{},"s":{"0":0,"1":0,"2":0,"3":0,"4":0,"5":0,"6":0,"7":0,"8":0,"9":0},"f":{"0":0,"1":0,"2":0,"3":0,"4":0},"b":{}}
,"/home/felipe/Projetos/maganets/src/components/Loader/styles.ts": {"path":"/home/felipe/Projetos/maganets/src/components/Loader/styles.ts","statementMap":{"0":{"start":{"line":2,"column":22},"end":{"line":18,"column":1}},"1":{"start":{"line":4,"column":44},"end":{"line":4,"column":64}}},"fnMap":{"0":{"name":"(anonymous_0)","decl":{"start":{"line":4,"column":29},"end":{"line":4,"column":30}},"loc":{"start":{"line":4,"column":44},"end":{"line":4,"column":64}},"line":4}},"branchMap":{},"s":{"0":0,"1":0},"f":{"0":0},"b":{}}
,"/home/felipe/Projetos/maganets/src/components/SearchBar/index.tsx": {"path":"/home/felipe/Projetos/maganets/src/components/SearchBar/index.tsx","statementMap":{"0":{"start":{"line":7,"column":28},"end":{"line":24,"column":1}},"1":{"start":{"line":8,"column":32},"end":{"line":8,"column":43}},"2":{"start":{"line":10,"column":23},"end":{"line":12,"column":3}},"3":{"start":{"line":11,"column":4},"end":{"line":11,"column":33}},"4":{"start":{"line":13,"column":2},"end":{"line":23,"column":3}}},"fnMap":{"0":{"name":"(anonymous_0)","decl":{"start":{"line":7,"column":28},"end":{"line":7,"column":29}},"loc":{"start":{"line":7,"column":34},"end":{"line":24,"column":1}},"line":7},"1":{"name":"(anonymous_1)","decl":{"start":{"line":10,"column":23},"end":{"line":10,"column":24}},"loc":{"start":{"line":10,"column":71},"end":{"line":12,"column":3}},"line":10}},"branchMap":{},"s":{"0":0,"1":0,"2":0,"3":0,"4":0},"f":{"0":0,"1":0},"b":{}}
,"/home/felipe/Projetos/maganets/src/components/SearchBar/styles.ts": {"path":"/home/felipe/Projetos/maganets/src/components/SearchBar/styles.ts","statementMap":{"0":{"start":{"line":3,"column":25},"end":{"line":25,"column":1}},"1":{"start":{"line":16,"column":34},"end":{"line":16,"column":50}}},"fnMap":{"0":{"name":"(anonymous_0)","decl":{"start":{"line":16,"column":19},"end":{"line":16,"column":20}},"loc":{"start":{"line":16,"column":34},"end":{"line":16,"column":50}},"line":16}},"branchMap":{},"s":{"0":0,"1":0},"f":{"0":0},"b":{}}
,"/home/felipe/Projetos/maganets/src/components/Wrapper/styles.ts": {"path":"/home/felipe/Projetos/maganets/src/components/Wrapper/styles.ts","statementMap":{"0":{"start":{"line":3,"column":23},"end":{"line":12,"column":1}}},"fnMap":{},"branchMap":{},"s":{"0":0},"f":{},"b":{}}
,"/home/felipe/Projetos/maganets/src/context/FavoritesContext.tsx": {"path":"/home/felipe/Projetos/maganets/src/context/FavoritesContext.tsx","statementMap":{"0":{"start":{"line":21,"column":32},"end":{"line":23,"column":1}},"1":{"start":{"line":24,"column":40},"end":{"line":74,"column":1}},"2":{"start":{"line":27,"column":36},"end":{"line":33,"column":4}},"3":{"start":{"line":28,"column":30},"end":{"line":28,"column":73}},"4":{"start":{"line":29,"column":4},"end":{"line":31,"column":5}},"5":{"start":{"line":30,"column":6},"end":{"line":30,"column":42}},"6":{"start":{"line":32,"column":4},"end":{"line":32,"column":13}},"7":{"start":{"line":35,"column":25},"end":{"line":43,"column":3}},"8":{"start":{"line":36,"column":4},"end":{"line":39,"column":5}},"9":{"start":{"line":40,"column":4},"end":{"line":40,"column":24}},"10":{"start":{"line":42,"column":4},"end":{"line":42,"column":41}},"11":{"start":{"line":45,"column":25},"end":{"line":58,"column":3}},"12":{"start":{"line":46,"column":29},"end":{"line":46,"column":38}},"13":{"start":{"line":48,"column":30},"end":{"line":50,"column":5}},"14":{"start":{"line":49,"column":20},"end":{"line":49,"column":45}},"15":{"start":{"line":52,"column":4},"end":{"line":55,"column":5}},"16":{"start":{"line":57,"column":4},"end":{"line":57,"column":35}},"17":{"start":{"line":60,"column":23},"end":{"line":67,"column":17}},"18":{"start":{"line":61,"column":4},"end":{"line":66,"column":5}},"19":{"start":{"line":69,"column":2},"end":{"line":73,"column":3}},"20":{"start":{"line":77,"column":18},"end":{"line":77,"column":46}},"21":{"start":{"line":79,"column":2},"end":{"line":79,"column":16}}},"fnMap":{"0":{"name":"(anonymous_0)","decl":{"start":{"line":24,"column":40},"end":{"line":24,"column":41}},"loc":{"start":{"line":26,"column":37},"end":{"line":74,"column":1}},"line":26},"1":{"name":"(anonymous_1)","decl":{"start":{"line":27,"column":56},"end":{"line":27,"column":57}},"loc":{"start":{"line":27,"column":62},"end":{"line":33,"column":3}},"line":27},"2":{"name":"(anonymous_2)","decl":{"start":{"line":35,"column":25},"end":{"line":35,"column":26}},"loc":{"start":{"line":35,"column":47},"end":{"line":43,"column":3}},"line":35},"3":{"name":"(anonymous_3)","decl":{"start":{"line":45,"column":25},"end":{"line":45,"column":26}},"loc":{"start":{"line":45,"column":48},"end":{"line":58,"column":3}},"line":45},"4":{"name":"(anonymous_4)","decl":{"start":{"line":49,"column":6},"end":{"line":49,"column":7}},"loc":{"start":{"line":49,"column":20},"end":{"line":49,"column":45}},"line":49},"5":{"name":"(anonymous_5)","decl":{"start":{"line":60,"column":31},"end":{"line":60,"column":32}},"loc":{"start":{"line":60,"column":37},"end":{"line":67,"column":3}},"line":60},"6":{"name":"useFavorites","decl":{"start":{"line":76,"column":16},"end":{"line":76,"column":28}},"loc":{"start":{"line":76,"column":53},"end":{"line":80,"column":1}},"line":76}},"branchMap":{"0":{"loc":{"start":{"line":29,"column":4},"end":{"line":31,"column":5}},"type":"if","locations":[{"start":{"line":29,"column":4},"end":{"line":31,"column":5}},{"start":{},"end":{}}],"line":29}},"s":{"0":0,"1":0,"2":0,"3":0,"4":0,"5":0,"6":0,"7":0,"8":0,"9":0,"10":0,"11":0,"12":0,"13":0,"14":0,"15":0,"16":0,"17":0,"18":0,"19":0,"20":0,"21":0},"f":{"0":0,"1":0,"2":0,"3":0,"4":0,"5":0,"6":0},"b":{"0":[0,0]}}
,"/home/felipe/Projetos/maganets/src/context/SearchContext.tsx": {"path":"/home/felipe/Projetos/maganets/src/context/SearchContext.tsx","statementMap":{"0":{"start":{"line":19,"column":29},"end":{"line":21,"column":1}},"1":{"start":{"line":22,"column":37},"end":{"line":39,"column":1}},"2":{"start":{"line":25,"column":30},"end":{"line":25,"column":50}},"3":{"start":{"line":27,"column":23},"end":{"line":32,"column":14}},"4":{"start":{"line":28,"column":4},"end":{"line":31,"column":5}},"5":{"start":{"line":34,"column":2},"end":{"line":38,"column":3}},"6":{"start":{"line":42,"column":18},"end":{"line":42,"column":43}},"7":{"start":{"line":44,"column":2},"end":{"line":44,"column":16}}},"fnMap":{"0":{"name":"(anonymous_0)","decl":{"start":{"line":22,"column":37},"end":{"line":22,"column":38}},"loc":{"start":{"line":24,"column":34},"end":{"line":39,"column":1}},"line":24},"1":{"name":"(anonymous_1)","decl":{"start":{"line":27,"column":31},"end":{"line":27,"column":32}},"loc":{"start":{"line":27,"column":37},"end":{"line":32,"column":3}},"line":27},"2":{"name":"useSearch","decl":{"start":{"line":41,"column":16},"end":{"line":41,"column":25}},"loc":{"start":{"line":41,"column":47},"end":{"line":45,"column":1}},"line":41}},"branchMap":{},"s":{"0":0,"1":0,"2":0,"3":0,"4":0,"5":0,"6":0,"7":0},"f":{"0":0,"1":0,"2":0},"b":{}}
,"/home/felipe/Projetos/maganets/src/hooks/useProducts.tsx": {"path":"/home/felipe/Projetos/maganets/src/hooks/useProducts.tsx","statementMap":{"0":{"start":{"line":4,"column":20},"end":{"line":26,"column":1}},"1":{"start":{"line":5,"column":34},"end":{"line":5,"column":57}},"2":{"start":{"line":6,"column":36},"end":{"line":6,"column":50}},"3":{"start":{"line":7,"column":24},"end":{"line":19,"column":3}},"4":{"start":{"line":8,"column":4},"end":{"line":18,"column":5}},"5":{"start":{"line":9,"column":23},"end":{"line":9,"column":49}},"6":{"start":{"line":10,"column":23},"end":{"line":10,"column":31}},"7":{"start":{"line":11,"column":30},"end":{"line":11,"column":43}},"8":{"start":{"line":12,"column":6},"end":{"line":12,"column":34}},"9":{"start":{"line":14,"column":6},"end":{"line":14,"column":67}},"10":{"start":{"line":15,"column":6},"end":{"line":15,"column":26}},"11":{"start":{"line":17,"column":6},"end":{"line":17,"column":25}},"12":{"start":{"line":21,"column":2},"end":{"line":23,"column":8}},"13":{"start":{"line":22,"column":4},"end":{"line":22,"column":19}},"14":{"start":{"line":25,"column":2},"end":{"line":25,"column":32}}},"fnMap":{"0":{"name":"(anonymous_0)","decl":{"start":{"line":4,"column":20},"end":{"line":4,"column":21}},"loc":{"start":{"line":4,"column":26},"end":{"line":26,"column":1}},"line":4},"1":{"name":"(anonymous_1)","decl":{"start":{"line":7,"column":24},"end":{"line":7,"column":25}},"loc":{"start":{"line":7,"column":36},"end":{"line":19,"column":3}},"line":7},"2":{"name":"(anonymous_2)","decl":{"start":{"line":21,"column":12},"end":{"line":21,"column":13}},"loc":{"start":{"line":21,"column":18},"end":{"line":23,"column":3}},"line":21}},"branchMap":{},"s":{"0":0,"1":0,"2":0,"3":0,"4":0,"5":0,"6":0,"7":0,"8":0,"9":0,"10":0,"11":0,"12":0,"13":0,"14":0},"f":{"0":0,"1":0,"2":0},"b":{}}
,"/home/felipe/Projetos/maganets/src/pages/Home/index.tsx": {"path":"/home/felipe/Projetos/maganets/src/pages/Home/index.tsx","statementMap":{"0":{"start":{"line":9,"column":23},"end":{"line":54,"column":1}},"1":{"start":{"line":10,"column":34},"end":{"line":10,"column":47}},"2":{"start":{"line":11,"column":32},"end":{"line":11,"column":43}},"3":{"start":{"line":13,"column":2},"end":{"line":15,"column":8}},"4":{"start":{"line":14,"column":4},"end":{"line":14,"column":17}},"5":{"start":{"line":17,"column":23},"end":{"line":27,"column":3}},"6":{"start":{"line":19,"column":6},"end":{"line":25,"column":12}},"7":{"start":{"line":21,"column":12},"end":{"line":23,"column":13}},"8":{"start":{"line":26,"column":4},"end":{"line":26,"column":21}},"9":{"start":{"line":29,"column":27},"end":{"line":29,"column":41}},"10":{"start":{"line":31,"column":2},"end":{"line":53,"column":3}},"11":{"start":{"line":40,"column":16},"end":{"line":40,"column":66}},"12":{"start":{"line":47,"column":14},"end":{"line":47,"column":64}}},"fnMap":{"0":{"name":"(anonymous_0)","decl":{"start":{"line":9,"column":23},"end":{"line":9,"column":24}},"loc":{"start":{"line":9,"column":29},"end":{"line":54,"column":1}},"line":9},"1":{"name":"(anonymous_1)","decl":{"start":{"line":13,"column":12},"end":{"line":13,"column":13}},"loc":{"start":{"line":13,"column":18},"end":{"line":15,"column":3}},"line":13},"2":{"name":"(anonymous_2)","decl":{"start":{"line":17,"column":23},"end":{"line":17,"column":24}},"loc":{"start":{"line":17,"column":29},"end":{"line":27,"column":3}},"line":17},"3":{"name":"(anonymous_3)","decl":{"start":{"line":20,"column":26},"end":{"line":20,"column":27}},"loc":{"start":{"line":21,"column":12},"end":{"line":23,"column":13}},"line":21},"4":{"name":"(anonymous_4)","decl":{"start":{"line":39,"column":35},"end":{"line":39,"column":36}},"loc":{"start":{"line":39,"column":48},"end":{"line":41,"column":15}},"line":39},"5":{"name":"(anonymous_5)","decl":{"start":{"line":46,"column":25},"end":{"line":46,"column":26}},"loc":{"start":{"line":46,"column":38},"end":{"line":48,"column":13}},"line":46}},"branchMap":{"0":{"loc":{"start":{"line":19,"column":6},"end":{"line":25,"column":12}},"type":"cond-expr","locations":[{"start":{"line":20,"column":10},"end":{"line":24,"column":11}},{"start":{"line":25,"column":10},"end":{"line":25,"column":12}}],"line":19},"1":{"loc":{"start":{"line":33,"column":7},"end":{"line":51,"column":7}},"type":"cond-expr","locations":[{"start":{"line":34,"column":8},"end":{"line":34,"column":18}},{"start":{"line":36,"column":8},"end":{"line":50,"column":19}}],"line":33},"2":{"loc":{"start":{"line":37,"column":11},"end":{"line":49,"column":11}},"type":"cond-expr","locations":[{"start":{"line":38,"column":12},"end":{"line":44,"column":13}},{"start":{"line":46,"column":12},"end":{"line":48,"column":14}}],"line":37},"3":{"loc":{"start":{"line":38,"column":12},"end":{"line":44,"column":13}},"type":"cond-expr","locations":[{"start":{"line":39,"column":14},"end":{"line":41,"column":16}},{"start":{"line":43,"column":14},"end":{"line":43,"column":37}}],"line":38}},"s":{"0":0,"1":0,"2":0,"3":0,"4":0,"5":0,"6":0,"7":0,"8":0,"9":0,"10":0,"11":0,"12":0},"f":{"0":0,"1":0,"2":0,"3":0,"4":0,"5":0},"b":{"0":[0,0],"1":[0,0],"2":[0,0],"3":[0,0]}}
,"/home/felipe/Projetos/maganets/src/pages/WishList/index.tsx": {"path":"/home/felipe/Projetos/maganets/src/pages/WishList/index.tsx","statementMap":{"0":{"start":{"line":8,"column":27},"end":{"line":51,"column":1}},"1":{"start":{"line":9,"column":24},"end":{"line":9,"column":38}},"2":{"start":{"line":10,"column":32},"end":{"line":10,"column":43}},"3":{"start":{"line":12,"column":23},"end":{"line":22,"column":3}},"4":{"start":{"line":14,"column":6},"end":{"line":20,"column":12}},"5":{"start":{"line":16,"column":12},"end":{"line":18,"column":13}},"6":{"start":{"line":21,"column":4},"end":{"line":21,"column":21}},"7":{"start":{"line":24,"column":28},"end":{"line":24,"column":42}},"8":{"start":{"line":26,"column":2},"end":{"line":28,"column":8}},"9":{"start":{"line":27,"column":4},"end":{"line":27,"column":17}},"10":{"start":{"line":30,"column":2},"end":{"line":50,"column":3}},"11":{"start":{"line":37,"column":16},"end":{"line":37,"column":68}},"12":{"start":{"line":44,"column":14},"end":{"line":44,"column":66}}},"fnMap":{"0":{"name":"(anonymous_0)","decl":{"start":{"line":8,"column":27},"end":{"line":8,"column":28}},"loc":{"start":{"line":8,"column":33},"end":{"line":51,"column":1}},"line":8},"1":{"name":"(anonymous_1)","decl":{"start":{"line":12,"column":23},"end":{"line":12,"column":24}},"loc":{"start":{"line":12,"column":29},"end":{"line":22,"column":3}},"line":12},"2":{"name":"(anonymous_2)","decl":{"start":{"line":15,"column":27},"end":{"line":15,"column":28}},"loc":{"start":{"line":16,"column":12},"end":{"line":18,"column":13}},"line":16},"3":{"name":"(anonymous_3)","decl":{"start":{"line":26,"column":12},"end":{"line":26,"column":13}},"loc":{"start":{"line":26,"column":18},"end":{"line":28,"column":3}},"line":26},"4":{"name":"(anonymous_4)","decl":{"start":{"line":36,"column":36},"end":{"line":36,"column":37}},"loc":{"start":{"line":36,"column":50},"end":{"line":38,"column":15}},"line":36},"5":{"name":"(anonymous_5)","decl":{"start":{"line":43,"column":26},"end":{"line":43,"column":27}},"loc":{"start":{"line":43,"column":40},"end":{"line":45,"column":13}},"line":43}},"branchMap":{"0":{"loc":{"start":{"line":14,"column":6},"end":{"line":20,"column":12}},"type":"cond-expr","locations":[{"start":{"line":15,"column":10},"end":{"line":19,"column":11}},{"start":{"line":20,"column":10},"end":{"line":20,"column":12}}],"line":14},"1":{"loc":{"start":{"line":32,"column":7},"end":{"line":48,"column":7}},"type":"cond-expr","locations":[{"start":{"line":32,"column":32},"end":{"line":32,"column":36}},{"start":{"line":33,"column":8},"end":{"line":47,"column":19}}],"line":32},"2":{"loc":{"start":{"line":34,"column":11},"end":{"line":46,"column":11}},"type":"cond-expr","locations":[{"start":{"line":35,"column":12},"end":{"line":41,"column":13}},{"start":{"line":43,"column":12},"end":{"line":45,"column":14}}],"line":34},"3":{"loc":{"start":{"line":35,"column":12},"end":{"line":41,"column":13}},"type":"cond-expr","locations":[{"start":{"line":36,"column":14},"end":{"line":38,"column":16}},{"start":{"line":40,"column":14},"end":{"line":40,"column":37}}],"line":35}},"s":{"0":0,"1":0,"2":0,"3":0,"4":0,"5":0,"6":0,"7":0,"8":0,"9":0,"10":0,"11":0,"12":0},"f":{"0":0,"1":0,"2":0,"3":0,"4":0,"5":0},"b":{"0":[0,0],"1":[0,0],"2":[0,0],"3":[0,0]}}
,"/home/felipe/Projetos/maganets/src/services/api.ts": {"path":"/home/felipe/Projetos/maganets/src/services/api.ts","statementMap":{"0":{"start":{"line":2,"column":19},"end":{"line":5,"column":1}},"1":{"start":{"line":4,"column":4},"end":{"line":4,"column":77}}},"fnMap":{"0":{"name":"(anonymous_0)","decl":{"start":{"line":3,"column":18},"end":{"line":3,"column":19}},"loc":{"start":{"line":4,"column":4},"end":{"line":4,"column":77}},"line":4}},"branchMap":{},"s":{"0":0,"1":0},"f":{"0":0},"b":{}}
,"/home/felipe/Projetos/maganets/src/styles/global.ts": {"path":"/home/felipe/Projetos/maganets/src/styles/global.ts","statementMap":{"0":{"start":{"line":3,"column":20},"end":{"line":32,"column":1}}},"fnMap":{},"branchMap":{},"s":{"0":0},"f":{},"b":{}}
,"/home/felipe/Projetos/maganets/src/styles/styled.d.ts": {"path":"/home/felipe/Projetos/maganets/src/styles/styled.d.ts","statementMap":{},"fnMap":{},"branchMap":{},"s":{},"f":{},"b":{}}
,"/home/felipe/Projetos/maganets/src/styles/themes/default.ts": {"path":"/home/felipe/Projetos/maganets/src/styles/themes/default.ts","statementMap":{"0":{"start":{"line":1,"column":28},"end":{"line":10,"column":1}}},"fnMap":{},"branchMap":{},"s":{"0":0},"f":{},"b":{}}
,"/home/felipe/Projetos/maganets/src/svg/Delete.tsx": {"path":"/home/felipe/Projetos/maganets/src/svg/Delete.tsx","statementMap":{"0":{"start":{"line":2,"column":2},"end":{"line":11,"column":3}}},"fnMap":{"0":{"name":"Delete","decl":{"start":{"line":1,"column":9},"end":{"line":1,"column":15}},"loc":{"start":{"line":1,"column":18},"end":{"line":12,"column":1}},"line":1}},"branchMap":{},"s":{"0":0},"f":{"0":0},"b":{}}
,"/home/felipe/Projetos/maganets/src/svg/Heart.tsx": {"path":"/home/felipe/Projetos/maganets/src/svg/Heart.tsx","statementMap":{"0":{"start":{"line":2,"column":2},"end":{"line":11,"column":3}}},"fnMap":{"0":{"name":"Heart","decl":{"start":{"line":1,"column":9},"end":{"line":1,"column":14}},"loc":{"start":{"line":1,"column":17},"end":{"line":12,"column":1}},"line":1}},"branchMap":{},"s":{"0":0},"f":{"0":0},"b":{}}
,"/home/felipe/Projetos/maganets/src/svg/Location.tsx": {"path":"/home/felipe/Projetos/maganets/src/svg/Location.tsx","statementMap":{"0":{"start":{"line":2,"column":2},"end":{"line":11,"column":3}}},"fnMap":{"0":{"name":"Location","decl":{"start":{"line":1,"column":9},"end":{"line":1,"column":17}},"loc":{"start":{"line":1,"column":20},"end":{"line":12,"column":1}},"line":1}},"branchMap":{},"s":{"0":0},"f":{"0":0},"b":{}}
,"/home/felipe/Projetos/maganets/src/svg/Pentagon.tsx": {"path":"/home/felipe/Projetos/maganets/src/svg/Pentagon.tsx","statementMap":{"0":{"start":{"line":2,"column":2},"end":{"line":11,"column":3}}},"fnMap":{"0":{"name":"Pentagon","decl":{"start":{"line":1,"column":9},"end":{"line":1,"column":17}},"loc":{"start":{"line":1,"column":20},"end":{"line":12,"column":1}},"line":1}},"branchMap":{},"s":{"0":0},"f":{"0":0},"b":{}}
,"/home/felipe/Projetos/maganets/src/svg/Search.tsx": {"path":"/home/felipe/Projetos/maganets/src/svg/Search.tsx","statementMap":{"0":{"start":{"line":2,"column":2},"end":{"line":11,"column":3}}},"fnMap":{"0":{"name":"Search","decl":{"start":{"line":1,"column":9},"end":{"line":1,"column":15}},"loc":{"start":{"line":1,"column":18},"end":{"line":12,"column":1}},"line":1}},"branchMap":{},"s":{"0":0},"f":{"0":0},"b":{}}
,"/home/felipe/Projetos/maganets/src/svg/Telephone.tsx": {"path":"/home/felipe/Projetos/maganets/src/svg/Telephone.tsx","statementMap":{"0":{"start":{"line":2,"column":2},"end":{"line":11,"column":3}}},"fnMap":{"0":{"name":"Telephone","decl":{"start":{"line":1,"column":9},"end":{"line":1,"column":18}},"loc":{"start":{"line":1,"column":21},"end":{"line":12,"column":1}},"line":1}},"branchMap":{},"s":{"0":0},"f":{"0":0},"b":{}}
,"/home/felipe/Projetos/maganets/src/types/index.ts": {"path":"/home/felipe/Projetos/maganets/src/types/index.ts","statementMap":{},"fnMap":{},"branchMap":{},"s":{},"f":{},"b":{}}
,"/home/felipe/Projetos/maganets/src/utils/formatMoney.ts": {"path":"/home/felipe/Projetos/maganets/src/utils/formatMoney.ts","statementMap":{"0":{"start":{"line":1,"column":27},"end":{"line":6,"column":1}},"1":{"start":{"line":2,"column":2},"end":{"line":5,"column":4}}},"fnMap":{"0":{"name":"(anonymous_0)","decl":{"start":{"line":1,"column":27},"end":{"line":1,"column":28}},"loc":{"start":{"line":1,"column":46},"end":{"line":6,"column":1}},"line":1}},"branchMap":{},"s":{"0":0,"1":0},"f":{"0":0},"b":{}}
,"/home/felipe/Projetos/maganets/src/utils/removeAccents.ts": {"path":"/home/felipe/Projetos/maganets/src/utils/removeAccents.ts","statementMap":{"0":{"start":{"line":1,"column":29},"end":{"line":3,"column":1}},"1":{"start":{"line":2,"column":2},"end":{"line":2,"column":61}}},"fnMap":{"0":{"name":"(anonymous_0)","decl":{"start":{"line":1,"column":29},"end":{"line":1,"column":30}},"loc":{"start":{"line":1,"column":46},"end":{"line":3,"column":1}},"line":1}},"branchMap":{},"s":{"0":0,"1":0},"f":{"0":0},"b":{}}
}
